<?xml version="1.0" encoding="UTF-8"?>
<!-- Generated by org.testng.reporters.JUnitReportReporter -->
<testsuite hostname="DESKTOP-HGSVJP8" failures="0" tests="2" name="testNG.SimpleAnnocation" time="0.007" errors="0" timestamp="2021-02-10T13:48:23 IST" skipped="0">
  <testcase classname="testNG.SimpleAnnocation" name="searchlaptop" time="0.005"/>
  <system-out/>
  <testcase classname="testNG.SimpleAnnocation" name="searchmobile" time="0.002"/>
  <system-out/>
</testsuite> <!-- testNG.SimpleAnnocation -->
