<?xml version="1.0" encoding="UTF-8"?>
<!-- Generated by org.testng.reporters.JUnitReportReporter -->
<testsuite hostname="DESKTOP-HGSVJP8" failures="0" tests="5" name="testNG.IgnoreTest" time="0.015" errors="0" timestamp="2021-02-10T15:26:14 IST" skipped="1">
  <testcase classname="testNG.IgnoreTest" name="searchmoblie" time="0.001"/>
  <system-out/>
  <testcase classname="testNG.IgnoreTest" name="searchlaptop" time="0.003"/>
  <system-out/>
  <testcase classname="testNG.IgnoreTest" name="browserlaunch" time="0.002"/>
  <system-out/>
  <testcase classname="testNG.IgnoreTest" name="Logout" time="0.009"/>
  <system-out/>
  <testcase classname="testNG.IgnoreTest" name="Login">
    <skipped/>
  </testcase> <!-- Login -->
  <system-out/>
</testsuite> <!-- testNG.IgnoreTest -->
